<?xml version="1.0" encoding="UTF-8"?>
<!-- Generated by org.testng.reporters.JUnitXMLReporter -->
<testsuite ignored="0" hostname="DESKTOP-7DB1FVS" failures="0" tests="2" name="Default test" time="0.164" errors="0" timestamp="2022-09-02T16:22:41 IST">
  <testcase classname="src.ExtentReports.extentReport1" name="@BeforeTest setUp1" time="0.071">
    <failure type="java.lang.NoSuchMethodError" message="&amp;apos;com.google.common.collect.ImmutableMap com.google.common.collect.ImmutableMap.of(java.lang.Object, java.lang.Object, java.lang.Object, java.lang.Object, java.lang.Object, java.lang.Object, java.lang.Object, java.lang.Object, java.lang.Object, java.lang.Object, java.lang.Object, java.lang.Object)&amp;apos;">
      <![CDATA[java.lang.NoSuchMethodError: 'com.google.common.collect.ImmutableMap com.google.common.collect.ImmutableMap.of(java.lang.Object, java.lang.Object, java.lang.Object, java.lang.Object, java.lang.Object, java.lang.Object, java.lang.Object, java.lang.Object, java.lang.Object, java.lang.Object, java.lang.Object, java.lang.Object)'
at org.openqa.selenium.chrome.AddHasCasting.getAdditionalCommands(AddHasCasting.java:38)
at org.openqa.selenium.chrome.ChromeDriver$ChromeDriverCommandExecutor.getExtraCommands(ChromeDriver.java:98)
at org.openqa.selenium.chrome.ChromeDriver$ChromeDriverCommandExecutor.<init>(ChromeDriver.java:93)
at org.openqa.selenium.chrome.ChromeDriver.<init>(ChromeDriver.java:81)
at org.openqa.selenium.chrome.ChromeDriver.<init>(ChromeDriver.java:49)
at src.ExtentReports.extentReport1.setUp1(extentReport1.java:40)
at java.base/jdk.internal.reflect.NativeMethodAccessorImpl.invoke0(Native Method)
at java.base/jdk.internal.reflect.NativeMethodAccessorImpl.invoke(NativeMethodAccessorImpl.java:77)
at java.base/jdk.internal.reflect.DelegatingMethodAccessorImpl.invoke(DelegatingMethodAccessorImpl.java:43)
at java.base/java.lang.reflect.Method.invoke(Method.java:568)
at org.testng.internal.MethodInvocationHelper.invokeMethod(MethodInvocationHelper.java:133)
at org.testng.internal.MethodInvocationHelper.invokeMethodConsideringTimeout(MethodInvocationHelper.java:62)
at org.testng.internal.ConfigInvoker.invokeConfigurationMethod(ConfigInvoker.java:385)
at org.testng.internal.ConfigInvoker.invokeConfigurations(ConfigInvoker.java:321)
at org.testng.TestRunner.invokeTestConfigurations(TestRunner.java:637)
at org.testng.TestRunner.beforeRun(TestRunner.java:627)
at org.testng.TestRunner.run(TestRunner.java:589)
at org.testng.SuiteRunner.runTest(SuiteRunner.java:377)
at org.testng.SuiteRunner.runSequentially(SuiteRunner.java:371)
at org.testng.SuiteRunner.privateRun(SuiteRunner.java:332)
at org.testng.SuiteRunner.run(SuiteRunner.java:276)
at org.testng.SuiteRunnerWorker.runSuite(SuiteRunnerWorker.java:53)
at org.testng.SuiteRunnerWorker.run(SuiteRunnerWorker.java:96)
at org.testng.TestNG.runSuitesSequentially(TestNG.java:1212)
at org.testng.TestNG.runSuitesLocally(TestNG.java:1134)
at org.testng.TestNG.runSuites(TestNG.java:1063)
at org.testng.TestNG.run(TestNG.java:1031)
at org.testng.remote.AbstractRemoteTestNG.run(AbstractRemoteTestNG.java:115)
at org.testng.remote.RemoteTestNG.initAndRun(RemoteTestNG.java:251)
at org.testng.remote.RemoteTestNG.main(RemoteTestNG.java:77)
]]>
    </failure>
  </testcase> <!-- @BeforeTest setUp1 -->
  <testcase classname="src.ExtentReports.extentReport1" name="@AfterTest tearDownTest" time="-1.662115961777E9">
    <skipped/>
  </testcase> <!-- @AfterTest tearDownTest -->
  <testcase classname="src.ExtentReports.extentReport1" name="test1" time="0.0">
    <skipped/>
  </testcase> <!-- test1 -->
  <testcase classname="src.ExtentReports.extentReport1" name="test2" time="0.0">
    <skipped/>
  </testcase> <!-- test2 -->
</testsuite> <!-- Default test -->
